<?xml version="1.0" encoding="UTF-8"?>
<testng-results skipped="0" failed="0" ignored="0" total="1" passed="1">
  <reporter-output>
  </reporter-output>
  <suite name="Default suite" duration-ms="51115" started-at="2022-03-01T09:48:57Z" finished-at="2022-03-01T09:49:48Z">
    <groups>
    </groups>
    <test name="Default test" duration-ms="51115" started-at="2022-03-01T09:48:57Z" finished-at="2022-03-01T09:49:48Z">
      <class name="account.InstaSignup">
        <test-method status="PASS" signature="beforeTest()[pri:0, instance:account.InstaSignup@159f197]" name="beforeTest" is-config="true" duration-ms="5355" started-at="2022-03-01T09:48:57Z" finished-at="2022-03-01T09:49:02Z">
          <reporter-output>
          </reporter-output>
        </test-method> <!-- beforeTest -->
        <test-method status="PASS" signature="signup()[pri:0, instance:account.InstaSignup@159f197]" name="signup" duration-ms="44651" started-at="2022-03-01T09:49:02Z" finished-at="2022-03-01T09:49:47Z">
          <reporter-output>
          </reporter-output>
        </test-method> <!-- signup -->
        <test-method status="PASS" signature="afterTest()[pri:0, instance:account.InstaSignup@159f197]" name="afterTest" is-config="true" duration-ms="1058" started-at="2022-03-01T09:49:47Z" finished-at="2022-03-01T09:49:48Z">
          <reporter-output>
          </reporter-output>
        </test-method> <!-- afterTest -->
      </class> <!-- account.InstaSignup -->
    </test> <!-- Default test -->
  </suite> <!-- Default suite -->
</testng-results>
